<?xml version="1.0" encoding="UTF-8"?>
<testsuite xmlns:xsi="http://www.w3.org/2001/XMLSchema-instance" xsi:noNamespaceSchemaLocation="https://maven.apache.org/surefire/maven-surefire-plugin/xsd/surefire-test-report-3.0.xsd" version="3.0" name="TestSuite" time="152.46" tests="2" errors="0" skipped="0" failures="0">
  <properties>
[...]
</properties>
  <testcase name="openCTBidsTest" classname="com.ctbids.tests.CTBidsLogin" time="16.114">
    <system-out><![CDATA[Setting up WebDriver for test suite...
00:54:40.009 [main] INFO io.github.bonigarcia.wdm.WebDriverManager -- Using chromedriver 139.0.7258.68 (resolved driver for Chrome 139)
00:54:40.045 [main] INFO io.github.bonigarcia.wdm.WebDriverManager -- Exporting webdriver.chrome.driver as C:\Users\JohnW\.cache\selenium\chromedriver\win64\139.0.7258.68\chromedriver.exe
WebDriver setup complete for test suite.
Starting test...
Navigating to https://buyeruat.ctbids.com...
Looking for Sign In button...
Found Sign In button by class and text
Sign In button found, clicking...
Looking for email field...
Looking for password field...
Looking for terms checkbox...
Looking for login submit button...
Login submitted successfully.
Test completed successfully.
]]></system-out>
    <system-err><![CDATA[Aug 18, 2025 12:54:42 AM org.openqa.selenium.devtools.CdpVersionFinder findNearestMatch
WARNING: Unable to find CDP implementation matching 139
Aug 18, 2025 12:54:42 AM org.openqa.selenium.chromium.ChromiumDriver lambda$new$5
WARNING: Unable to find version of CDP to use for 139.0.7258.67. You may need to include a dependency on a specific version of the CDP using something similar to `org.seleniumhq.selenium:selenium-devtools-v86:4.15.0` where the version ("v86") matches the version of the chromium-based browser you're using and the version number of the artifact is the same as Selenium's.
]]></system-err>
  </testcase>
  <testcase name="completeProfileTest" classname="com.ctbids.tests.ProfileComplete" time="132.351">
    <system-out><![CDATA[Starting profile completion test...
Looking for profile menu...
Found profile menu using selector: //div[contains(@class, 'avatar')]
Hovering over profile menu...
Looking for My Account option...
Found My Account link using selector: //a[contains(text(), 'My Account')]
Clicking My Account...
Successfully navigated to My Account page
Looking for Change Image button...
Change Image button not found with selector: //span[text()='Change']
Found Change Image button using selector: //div[contains(@class, 'profile-image')]//span[contains(text(), 'Change')]
Clicking Change Image button...
Successfully clicked Change Image button
Starting file upload process...
Save button not found with selector: //button[contains(@class, 'yellow') and contains(text(), 'Save')]
Save button not found with selector: //div[contains(@class, 'editor-footer')]//button[contains(@class, 'yellow')]
Found Save button using selector: //div[contains(@class, 'dialog')]//button[last()]
Clicked Save button using Actions
Image upload completed
File uploaded successfully
Starting username validation...
Clearing existing username: bubloo
Found error with selector: .text-danger
Testing invalid username: User@Name
Actual error message: Please only use alphanumeric characters
Found error with selector: .text-danger
Testing invalid username: User#123
Actual error message: Please only use alphanumeric characters
Found error with selector: .text-danger
Testing invalid username: UserCancelled
Actual error message: The information provided does not meet the minimum registration standards.
Testing invalid username: BidUser
Actual error message: 
Testing invalid username: CTBIDSuser
Actual error message: 
Found error with selector: .text-danger
Testing invalid username: User$123
Actual error message: Please only use alphanumeric characters
Found error with selector: .text-danger
Testing invalid username: Failed_Account
Actual error message: Please only use alphanumeric characters
Testing invalid username: Outbid2023
Actual error message: 
Testing valid username: JohnDoe123
No error message displayed as expected
Testing valid username: María'Smith
No error message displayed as expected
Testing valid username: José"Rodriguez
No error message displayed as expected
Testing valid username: Ana2023
No error message displayed as expected
Testing valid username: Carlos'García
No error message displayed as expected
Username validation completed successfully
Test completed successfully.
]]></system-out>
  </testcase>
</testsuite>