<?xml version="1.0" encoding="UTF-8"?>
<testng-results ignored="0" total="2" passed="2" failed="0" skipped="0">
  <reporter-output>
  </reporter-output>
  <suite started-at="2025-08-17T23:21:08 IST" name="CTBids Test Suite" finished-at="2025-08-17T23:23:37 IST" duration-ms="148532">
    <groups>
    </groups>
    <test started-at="2025-08-17T23:21:08 IST" name="Authentication and Profile Tests" finished-at="2025-08-17T23:23:37 IST" duration-ms="148532">
      <class name="com.ctbids.tests.ProfileComplete">
        <test-method signature="completeProfileTest()[pri:0, instance:com.ctbids.tests.ProfileComplete@2d3379b4]" started-at="2025-08-17T23:21:46 IST" name="completeProfileTest" finished-at="2025-08-17T23:23:37 IST" duration-ms="111233" status="PASS">
          <reporter-output>
          </reporter-output>
        </test-method> <!-- completeProfileTest -->
        <test-method is-config="true" signature="beforeTest()[pri:0, instance:com.ctbids.tests.ProfileComplete@2d3379b4]" started-at="2025-08-17T23:21:46 IST" name="beforeTest" finished-at="2025-08-17T23:21:46 IST" duration-ms="0" status="PASS">
          <reporter-output>
          </reporter-output>
        </test-method> <!-- beforeTest -->
        <test-method is-config="true" signature="tearDown()[pri:0, instance:com.ctbids.tests.ProfileComplete@2d3379b4]" started-at="2025-08-17T23:23:37 IST" name="tearDown" finished-at="2025-08-17T23:23:37 IST" duration-ms="2" status="PASS">
          <reporter-output>
          </reporter-output>
        </test-method> <!-- tearDown -->
      </class> <!-- com.ctbids.tests.ProfileComplete -->
      <class name="com.ctbids.tests.CTBidsLogin">
        <test-method is-config="true" signature="setupSuite()[pri:0, instance:com.ctbids.tests.CTBidsLogin@33d512c1]" started-at="2025-08-17T23:21:05 IST" name="setupSuite" finished-at="2025-08-17T23:21:08 IST" duration-ms="3223" status="PASS">
          <reporter-output>
          </reporter-output>
        </test-method> <!-- setupSuite -->
        <test-method is-config="true" signature="setup()[pri:0, instance:com.ctbids.tests.CTBidsLogin@33d512c1]" started-at="2025-08-17T23:21:08 IST" name="setup" finished-at="2025-08-17T23:21:08 IST" duration-ms="2" status="PASS">
          <reporter-output>
          </reporter-output>
        </test-method> <!-- setup -->
        <test-method signature="openCTBidsTest()[pri:0, instance:com.ctbids.tests.CTBidsLogin@33d512c1]" started-at="2025-08-17T23:21:08 IST" name="openCTBidsTest" finished-at="2025-08-17T23:21:46 IST" duration-ms="37233" status="PASS">
          <reporter-output>
          </reporter-output>
        </test-method> <!-- openCTBidsTest -->
        <test-method is-config="true" signature="tearDown()[pri:0, instance:com.ctbids.tests.CTBidsLogin@33d512c1]" started-at="2025-08-17T23:21:46 IST" name="tearDown" finished-at="2025-08-17T23:21:46 IST" duration-ms="2" status="PASS">
          <reporter-output>
          </reporter-output>
        </test-method> <!-- tearDown -->
        <test-method is-config="true" signature="tearDownSuite()[pri:0, instance:com.ctbids.tests.CTBidsLogin@33d512c1]" started-at="2025-08-17T23:23:37 IST" name="tearDownSuite" finished-at="2025-08-17T23:23:37 IST" duration-ms="560" status="PASS">
          <reporter-output>
          </reporter-output>
        </test-method> <!-- tearDownSuite -->
      </class> <!-- com.ctbids.tests.CTBidsLogin -->
    </test> <!-- Authentication and Profile Tests -->
  </suite> <!-- CTBids Test Suite -->
</testng-results>
