<?xml version="1.0" encoding="UTF-8"?>
<!-- Generated by org.testng.reporters.JUnitXMLReporter -->
<testsuite ignored="2" hostname="LAPTOP-3CTKVLA5" failures="0" tests="2" name="Authentication and Profile Tests" time="148.536" errors="0" timestamp="2025-08-18T00:57:11 IST">
  <testcase classname="com.ctbids.tests.CTBidsLogin" name="openCTBidsTest" time="16.116"/>
  <testcase classname="com.ctbids.tests.ProfileComplete" name="completeProfileTest" time="132.344"/>
  <testcase classname="com.ctbids.tests.BaseTest" name="@AfterSuite tearDownSuite" time="0.0">
    <ignored/>
  </testcase> <!-- @AfterSuite tearDownSuite -->
  <testcase classname="com.ctbids.tests.BaseTest" name="@BeforeSuite setupSuite" time="0.0">
    <ignored/>
  </testcase> <!-- @BeforeSuite setupSuite -->
</testsuite> <!-- Authentication and Profile Tests -->
